
{
  level: 'error',
  message: 'admin@ltwtech.it : Wrong Email/ Password combination!',
  timestamp: '2022-10-31T08:33:00.112Z'
}
{
  level: 'error',
  message: 'admin@ltwtech.it : Wrong Email/ Password combination!',
  timestamp: '2022-10-31T08:33:03.025Z'
}
{
  level: 'error',
  message: 'admin@ltwtech.it : Wrong Email/ Password combination!',
  timestamp: '2022-10-31T08:36:43.933Z'
}
{
  level: 'error',
  message: 'admin@ltwtech.it : Wrong Email/ Password combination!',
  timestamp: '2022-10-31T09:46:17.051Z'
}
{
  level: 'error',
  message: 'vjvfc2k16@gmail.com : Wrong Email/ Password combination!',
  timestamp: '2022-11-02T06:54:29.505Z'
}
{
  level: 'error',
  message: 'vjvfc2k16@gmail.com : Wrong Email/ Password combination!',
  timestamp: '2022-11-02T08:42:57.883Z'
}
{
  level: 'error',
  message: 'vjvfc2k16@gmail.com : Wrong Email/ Password combination!',
  timestamp: '2022-11-02T08:55:33.330Z'
}
{
  level: 'error',
  message: 'vjvfc2k16@gmail.com : Wrong Email/ Password combination!',
  timestamp: '2022-11-03T04:07:51.349Z'
}
{
  level: 'error',
  message: 'vjvfc2k16@gmail.com : Wrong Email/ Password combination!',
  timestamp: '2022-11-03T05:07:46.532Z'
}
{
  level: 'error',
  message: 'vjvfc2k16@gmail.com : Wrong Email/ Password combination!',
  timestamp: '2022-11-03T05:11:30.796Z'
}
{
  level: 'error',
  message: 'vjvfc2k16@gmail.com : Wrong Email/ Password combination!',
  timestamp: '2022-11-03T05:35:41.046Z'
}
{
  level: 'error',
  message: 'vjvfc2k16@gmail.com : Wrong Email/ Password combination!',
  timestamp: '2022-11-03T06:24:42.245Z'
}
{
  level: 'error',
  message: 'vjvfc2k16@gmail.com : Wrong Email/ Password combination!',
  timestamp: '2022-11-03T07:00:47.716Z'
}
{
  level: 'error',
  message: 'admin@ltwtech.it : Wrong Email/ Password combination!',
  timestamp: '2022-11-04T05:51:29.844Z'
}
{
  level: 'error',
  message: 'admin@ltwtech.it : Wrong Email/ Password combination!',
  timestamp: '2022-11-07T03:51:07.136Z'
}
{
  level: 'error',
  message: 'admin@ltwtech.it : Wrong Email/ Password combination!',
  timestamp: '2022-11-07T03:51:10.073Z'
}
{
  level: 'error',
  message: 'admin@ltwtech.it : Wrong Email/ Password combination!',
  timestamp: '2022-11-07T03:51:11.358Z'
}
{
  level: 'error',
  message: 'admin@ltwtech.it : Wrong Email/ Password combination!',
  timestamp: '2022-11-15T10:49:16.031Z'
}
{
  level: 'error',
  message: 'admin@ltwtech.it : Wrong Email/ Password combination!',
  timestamp: '2022-11-15T10:50:02.647Z'
}
{
  level: 'error',
  message: 'admin@ltwtech.it : Wrong Email/ Password combination!',
  timestamp: '2022-11-15T10:50:06.576Z'
}
{
  level: 'error',
  message: 'admin@ltwtech.it : Wrong Email/ Password combination!',
  timestamp: '2022-11-15T10:51:22.542Z'
}
{
  level: 'error',
  message: 'admin@ltwtech.it : Wrong Email/ Password combination!',
  timestamp: '2022-11-15T10:56:33.350Z'
}
{
  level: 'error',
  message: 'admin@ltwtech.it : Wrong Email/ Password combination!',
  timestamp: '2022-11-15T10:59:43.617Z'
}
{
  level: 'error',
  message: 'admin@ltwtech.it : Wrong Email/ Password combination!',
  timestamp: '2022-11-15T11:01:26.377Z'
}
{
  level: 'error',
  message: 'admin@ltwtech.it : Wrong Email/ Password combination!',
  timestamp: '2022-11-15T11:02:25.602Z'
}
{
  level: 'error',
  message: 'admin@ltwtech.it : Wrong Email/ Password combination!',
  timestamp: '2022-11-15T11:02:55.188Z'
}
{
  level: 'error',
  message: 'admin@ltwtech.it : Wrong Email/ Password combination!',
  timestamp: '2022-11-15T11:03:28.277Z'
}
{
  level: 'error',
  message: 'admin@ltwtech.it : Wrong Email/ Password combination!',
  timestamp: '2022-11-15T11:04:33.498Z'
}
{
  level: 'error',
  message: 'admin@ltwtech.it : Wrong Email/ Password combination!',
  timestamp: '2022-11-15T11:04:43.099Z'
}
{
  level: 'error',
  message: 'admin@ltwtech.it : Wrong Email/ Password combination!',
  timestamp: '2022-11-15T11:06:05.115Z'
}
{
  level: 'error',
  message: 'admin@ltwtech.it : Wrong Email/ Password combination!',
  timestamp: '2022-11-15T11:06:43.964Z'
}
{
  level: 'error',
  message: 'admin@ltwtech.it : Wrong Email/ Password combination!',
  timestamp: '2022-11-15T11:08:00.051Z'
}
{
  level: 'error',
  message: 'admin@ltwtech.it : Wrong Email/ Password combination!',
  timestamp: '2022-11-15T11:09:09.980Z'
}
{
  level: 'error',
  message: 'admin@ltwtech.it : Wrong Email/ Password combination!',
  timestamp: '2022-11-15T11:10:22.296Z'
}
{
  level: 'error',
  message: 'admin@ltwtech.it : Wrong Email/ Password combination!',
  timestamp: '2022-11-15T12:21:51.369Z'
}
{
  level: 'error',
  message: 'admin@ltwtech.it : Wrong Email/ Password combination!',
  timestamp: '2022-11-15T12:23:21.871Z'
}
{
  level: 'error',
  message: 'admin@ltwtech.it : Wrong Email/ Password combination!',
  timestamp: '2022-11-15T12:24:37.448Z'
}
{
  level: 'error',
  message: 'admin@ltwtech.it : Wrong Email/ Password combination!',
  timestamp: '2022-11-15T12:25:55.154Z'
}
{
  level: 'error',
  message: 'admin@ltwtech.it : Wrong Email/ Password combination!',
  timestamp: '2022-11-15T12:26:19.928Z'
}
{
  level: 'error',
  message: 'admin@ltwtech.it : Wrong Email/ Password combination!',
  timestamp: '2022-11-15T12:27:30.969Z'
}
{
  level: 'error',
  message: 'admin@ltwtech.it : Wrong Email/ Password combination!',
  timestamp: '2022-11-15T12:29:13.211Z'
}
{
  level: 'error',
  message: 'admin@ltwtech.it : Wrong Email/ Password combination!',
  timestamp: '2022-11-15T12:29:54.830Z'
}
{
  level: 'error',
  message: 'admin@ltwtech.it : Wrong Email/ Password combination!',
  timestamp: '2022-11-15T12:30:28.486Z'
}
{
  level: 'error',
  message: 'admin@ltwtech.it : Wrong Email/ Password combination!',
  timestamp: '2022-11-15T12:31:05.770Z'
}
{
  level: 'error',
  message: 'admin@ltwtech.it : Wrong Email/ Password combination!',
  timestamp: '2022-11-15T12:31:56.409Z'
}
{
  level: 'error',
  message: 'admin@ltwtech.it : Wrong Email/ Password combination!',
  timestamp: '2022-11-15T12:32:42.648Z'
}
{
  level: 'error',
  message: 'admin@ltwtech.it : Wrong Email/ Password combination!',
  timestamp: '2022-11-15T12:35:40.144Z'
}
{
  level: 'error',
  message: 'admin@ltwtech.it : Wrong Email/ Password combination!',
  timestamp: '2022-11-15T12:36:01.869Z'
}
{
  level: 'error',
  message: 'admin@ltwtech.it : Wrong Email/ Password combination!',
  timestamp: '2022-11-15T12:38:16.278Z'
}
{
  level: 'error',
  message: 'admin@ltwtech.it : Wrong Email/ Password combination!',
  timestamp: '2022-11-15T12:39:15.215Z'
}
{
  level: 'error',
  message: 'admin@ltwtech.it : Wrong Email/ Password combination!',
  timestamp: '2022-11-15T12:39:41.212Z'
}
{
  level: 'error',
  message: 'admin@ltwtech.it : Wrong Email/ Password combination!',
  timestamp: '2022-11-15T12:40:56.600Z'
}
{
  level: 'error',
  message: 'admin@ltwtech.it : Wrong Email/ Password combination!',
  timestamp: '2022-11-15T12:41:10.492Z'
}
{
  level: 'error',
  message: 'admin@ltwtech.it : Wrong Email/ Password combination!',
  timestamp: '2022-11-15T12:41:42.655Z'
}
{
  level: 'error',
  message: 'admin@ltwtech.it : Wrong Email/ Password combination!',
  timestamp: '2022-11-15T12:42:26.625Z'
}
{
  level: 'error',
  message: 'admin@ltwtech.it : Wrong Email/ Password combination!',
  timestamp: '2022-11-15T12:43:02.254Z'
}
{
  level: 'error',
  message: 'admin@ltwtech.it : Wrong Email/ Password combination!',
  timestamp: '2022-11-15T12:45:15.210Z'
}
{
  level: 'error',
  message: 'admin@ltwtech.it : Wrong Email/ Password combination!',
  timestamp: '2022-11-15T12:45:28.086Z'
}
{
  level: 'error',
  message: 'admin@ltwtech.it : Wrong Email/ Password combination!',
  timestamp: '2022-11-15T12:45:32.354Z'
}
{
  level: 'error',
  message: 'admin@ltwtech.it : Wrong Email/ Password combination!',
  timestamp: '2022-11-15T12:45:54.973Z'
}
{
  level: 'error',
  message: 'admin@ltwtech.it : Wrong Email/ Password combination!',
  timestamp: '2022-11-15T12:46:02.998Z'
}
{
  level: 'error',
  message: 'admin@ltwtech.it : Wrong Email/ Password combination!',
  timestamp: '2022-11-15T12:56:04.257Z'
}
{
  level: 'error',
  message: 'admin@ltwtech.it : Wrong Email/ Password combination!',
  timestamp: '2022-11-15T12:56:28.493Z'
}
{
  level: 'error',
  message: 'admin@ltwtech.it : Wrong Email/ Password combination!',
  timestamp: '2022-11-16T04:47:06.076Z'
}
{
  level: 'error',
  message: 'admin@ltwtech.it : Wrong Email/ Password combination!',
  timestamp: '2022-12-04T19:26:17.648Z'
}
{
  level: 'error',
  message: 'admin@gmail.com : encryption error!',
  timestamp: '2022-12-06T03:46:21.050Z'
}
{
  level: 'error',
  message: 'admin@gmail.com : encryption error!',
  timestamp: '2022-12-06T03:52:31.740Z'
}
{
  level: 'error',
  message: 'admin@ate.it : encryption error!',
  timestamp: '2022-12-06T05:07:31.387Z'
}
{
  level: 'error',
  message: 'admin@ate.it : encryption error!',
  timestamp: '2022-12-06T05:07:45.824Z'
}
{
  level: 'error',
  message: 'admin@ate.it : encryption error!',
  timestamp: '2022-12-06T05:08:59.429Z'
}
{
  level: 'error',
  message: 'admin@ate.it : encryption error!',
  timestamp: '2022-12-06T05:09:01.409Z'
}
{
  level: 'error',
  message: 'admin@ate.it : encryption error!',
  timestamp: '2022-12-06T05:45:20.703Z'
}
{
  level: 'error',
  message: 'admin@ate.it : encryption error!',
  timestamp: '2022-12-06T05:46:10.143Z'
}
{
  level: 'error',
  message: 'admin@ate.it : encryption error!',
  timestamp: '2022-12-06T05:46:16.859Z'
}
{
  level: 'error',
  message: 'admin@ate.it : encryption error!',
  timestamp: '2022-12-06T05:46:18.519Z'
}
{
  level: 'error',
  message: 'admin@ate.it : encryption error!',
  timestamp: '2022-12-06T05:50:33.969Z'
}
{
  level: 'error',
  message: 'admin@ate.it : encryption error!',
  timestamp: '2022-12-06T05:50:40.854Z'
}
{
  level: 'error',
  message: 'admin5@ate.it : Wrong Email/ Password combination!',
  timestamp: '2022-12-06T08:04:20.434Z'
}
{
  level: 'error',
  message: 'admin5@ate.it : Wrong Email/ Password combination!',
  timestamp: '2022-12-06T08:04:27.851Z'
}
{
  level: 'error',
  message: 'admin5@ate.it : Wrong Email/ Password combination!',
  timestamp: '2022-12-06T08:04:35.854Z'
}
{
  level: 'error',
  message: 'admin@ate.it : Wrong Email/ Password combination!',
  timestamp: '2022-12-06T08:53:49.086Z'
}
{
  level: 'error',
  message: 'admin@ltwtech.it : Wrong Email/ Password combination!',
  timestamp: '2022-12-06T14:58:48.586Z'
}
{
  level: 'error',
  message: 'admin@ate.it : Wrong Email/ Password combination!',
  timestamp: '2022-12-06T17:40:11.144Z'
}
{
  level: 'error',
  message: 'admin@ate.it : Wrong Email/ Password combination!',
  timestamp: '2022-12-08T08:57:04.226Z'
}
{
  level: 'error',
  message: 'admin@ltwtech.it : Wrong Email/ Password combination!',
  timestamp: '2022-12-08T13:38:19.859Z'
}
